* using log directory 'C:/Users/ir515/Documents/GitHub/Useful-functions/UsefulFunctions.Rcheck'
* using R version 3.3.2 (2016-10-31)
* using platform: x86_64-w64-mingw32 (64-bit)
* using session charset: ISO8859-1
* checking for file 'UsefulFunctions/DESCRIPTION' ... OK
* checking extension type ... Package
* this is package 'UsefulFunctions' version '0.1.0'
* package encoding: UTF-8
* checking package namespace information ... OK
* checking package dependencies ... OK
* checking if this is a source package ... OK
* checking if there is a namespace ... OK
* checking for executable files ... OK
* checking for hidden files and directories ... OK
* checking for portable file names ... OK
* checking whether package 'UsefulFunctions' can be installed ... OK
* checking installed package size ... OK
* checking package directory ... OK
* checking DESCRIPTION meta-information ... WARNING
Non-standard license specification:
  What license is it under?
Standardizable: FALSE
* checking top-level files ... OK
* checking for left-over files ... OK
* checking index information ... OK
* checking package subdirectories ... OK
* checking R files for non-ASCII characters ... OK
* checking R files for syntax errors ... OK
* checking whether the package can be loaded ... OK
* checking whether the package can be loaded with stated dependencies ... OK
* checking whether the package can be unloaded cleanly ... OK
* checking whether the namespace can be loaded with stated dependencies ... OK
* checking whether the namespace can be unloaded cleanly ... OK
* checking loading without being on the library search path ... OK
* checking dependencies in R code ... WARNING
'library' or 'require' call not declared from: 'sp'
'library' or 'require' call to 'sp' in package code.
  Please use :: or requireNamespace() instead.
  See section 'Suggested packages' in the 'Writing R Extensions' manual.
* checking S3 generic/method consistency ... WARNING
merge:
  function(x, y, ...)
merge.SpatialPolygonsDataFrame:
  function(shp, df)

See section 'Generic functions and methods' in the 'Writing R
Extensions' manual.
* checking replacement functions ... OK
* checking foreign function calls ... OK
* checking R code for possible problems ... NOTE
CI: no visible global function definition for 'qnorm'
CI: no visible global function definition for 'qt'
DiscretizeSI : <anonymous>: no visible global function definition for
  'DiscrSI'
SIR_deterministic: no visible global function definition for
  'SIR_deterministic_odin'
SIR_stochastic_async: no visible global function definition for
  'SIR_stochastic_async_cpp'
SIR_stochastic_hybrid: no visible global function definition for
  'SIR_stochastic_hybrid_cpp'
SIR_stochastic_sync: no visible global function definition for
  'SIR_stochastic_sync_cpp'
SIS_deterministic: no visible global function definition for
  'SIS_deterministic_odin2'
SIS_stochastic_async: no visible global function definition for
  'SIS_stochastic_async_cpp'
SIS_stochastic_hybrid: no visible global function definition for
  'SIS_stochastic_hybrid_cpp'
SIS_stochastic_sync: no visible global function definition for
  'SIS_stochastic_sync_cpp'
SLIR_deterministic: no visible global function definition for
  'SLIR_deterministic_odin'
SLIR_stochastic_async: no visible global function definition for
  'SLIR_stochastic_async_cpp'
SLIR_stochastic_hybrid: no visible global function definition for
  'SLIR_stochastic_hybrid_cpp'
bootstrap: no visible global function definition for 'quantile'
daily.foi.group: no visible binding for global variable 'SItrunc'
getPolyArea: no visible global function definition for 'slot'
legend.col: no visible global function definition for 'polygon'
legend.col: no visible global function definition for 'plot'
legend.col: no visible global function definition for 'axis'
merge.SpatialPolygonsDataFrame: no visible global function definition
  for 'installed.packages'
merge.SpatialPolygonsDataFrame: no visible global function definition
  for 'install.packages'
merge.SpatialPolygonsDataFrame: no visible binding for global variable
  'mergeKey'
merge.SpatialPolygonsDataFrame: no visible global function definition
  for 'SpatialPolygonsDataFrame'
merge.SpatialPolygonsDataFrame: no visible global function definition
  for 'geometry'
rateRatio: no visible global function definition for 'qf'
safeRead: no visible global function definition for 'read.delim'
safeRead: no visible global function definition for 'type.convert'
safeRead: no visible global function definition for 'write.table'
se: no visible global function definition for 'sd'
simQuantiles: no visible binding for global variable 'quantile'
Undefined global functions or variables:
  DiscrSI SIR_deterministic_odin SIR_stochastic_async_cpp
  SIR_stochastic_hybrid_cpp SIR_stochastic_sync_cpp
  SIS_deterministic_odin2 SIS_stochastic_async_cpp
  SIS_stochastic_hybrid_cpp SIS_stochastic_sync_cpp SItrunc
  SLIR_deterministic_odin SLIR_stochastic_async_cpp
  SLIR_stochastic_hybrid_cpp SpatialPolygonsDataFrame axis geometry
  install.packages installed.packages mergeKey plot polygon qf qnorm qt
  quantile read.delim sd slot type.convert write.table
Consider adding
  importFrom("graphics", "axis", "plot", "polygon")
  importFrom("methods", "slot")
  importFrom("stats", "qf", "qnorm", "qt", "quantile", "sd")
  importFrom("utils", "install.packages", "installed.packages",
             "read.delim", "type.convert", "write.table")
to your NAMESPACE file (and ensure that your DESCRIPTION Imports field
contains 'methods').
* checking Rd files ... OK
* checking Rd metadata ... OK
* checking Rd cross-references ... OK
* checking for missing documentation entries ... WARNING
Undocumented code objects:
  'CI' 'DiscretizeSI' 'SIR_deterministic' 'SIR_stochastic_async'
  'SIR_stochastic_hybrid' 'SIR_stochastic_sync' 'SIS_analytical'
  'SIS_deterministic' 'SIS_stochastic_async' 'SIS_stochastic_hybrid'
  'SIS_stochastic_sync' 'SLIR_deterministic' 'SLIR_stochastic_async'
  'SLIR_stochastic_hybrid' 'bootstrap' 'daily.foi.group'
  'daily.incidence.group' 'getPolyArea' 'legend.col'
  'merge.SpatialPolygonsDataFrame' 'rateRatio' 'safeRead' 'se'
  'simQuantiles'
All user-level objects in a package should have documentation entries.
See chapter 'Writing R documentation files' in the 'Writing R
Extensions' manual.
* checking for code/documentation mismatches ... WARNING
Functions or methods with usage in documentation object 'hello' but not in code:
  hello

* checking Rd \usage sections ... OK
* checking Rd contents ... OK
* checking for unstated dependencies in examples ... OK
* checking examples ... ERROR
Running examples in 'UsefulFunctions-Ex.R' failed
The error most likely occurred in:

> ### Name: hello
> ### Title: Hello, World!
> ### Aliases: hello
> 
> ### ** Examples
> 
> hello()
Error: could not find function "hello"
Execution halted
* checking PDF version of manual ... WARNING
LaTeX errors when creating PDF version.
This typically indicates Rd problems.
* checking PDF version of manual without hyperrefs or index ... ERROR
Re-running with no redirection of stdout/stderr.
* DONE
Status: 2 ERRORs, 6 WARNINGs, 1 NOTE
